#
# There is insufficient memory for the Java Runtime Environment to continue.
# Native memory allocation (mmap) failed to map 716177408 bytes for committing reserved memory.
# Possible reasons:
#   The system is out of physical RAM or swap space
#   In 32 bit mode, the process size limit was hit
# Possible solutions:
#   Reduce memory load on the system
#   Increase physical memory or swap space
#   Check if swap backing store is full
#   Use 64 bit Java on a 64 bit OS
#   Decrease Java heap size (-Xmx/-Xms)
#   Decrease number of Java threads
#   Decrease Java thread stack sizes (-Xss)
#   Set larger code cache with -XX:ReservedCodeCacheSize=
# This output file may be truncated or incomplete.
#
#  Out of Memory Error (os_linux.cpp:2746), pid=12897, tid=0x00007f4f67ce5700
#
# JRE version:  (8.0_191-b12) (build )
# Java VM: OpenJDK 64-Bit Server VM (25.191-b12 mixed mode linux-amd64 compressed oops)
# Failed to write core dump. Core dumps have been disabled. To enable core dumping, try "ulimit -c unlimited" before starting Java again
#

---------------  T H R E A D  ---------------

Current thread (0x00007f4f6000b000):  JavaThread "Unknown thread" [_thread_in_vm, id=12898, stack(0x00007f4f67be6000,0x00007f4f67ce6000)]

Stack: [0x00007f4f67be6000,0x00007f4f67ce6000],  sp=0x00007f4f67ce4590,  free space=1017k
Native frames: (J=compiled Java code, j=interpreted, Vv=VM code, C=native code)
V  [libjvm.so+0xab2552]
V  [libjvm.so+0x4d9e37]
V  [libjvm.so+0x8ed5e0]
V  [libjvm.so+0x8e470e]
V  [libjvm.so+0x968466]
V  [libjvm.so+0x95879c]
V  [libjvm.so+0x2b402e]
V  [libjvm.so+0x9153f1]
V  [libjvm.so+0xa74c2a]
V  [libjvm.so+0xa74f15]
V  [libjvm.so+0x626cef]
V  [libjvm.so+0xa5866b]
V  [libjvm.so+0x6a9241]  JNI_CreateJavaVM+0x61
C  [libjli.so+0x2ce3]
C  [libjli.so+0x77ad]
C  [libpthread.so.0+0x76db]  start_thread+0xdb


---------------  P R O C E S S  ---------------

Java Threads: ( => current thread )

Other Threads:

=>0x00007f4f6000b000 (exited) JavaThread "Unknown thread" [_thread_in_vm, id=12898, stack(0x00007f4f67be6000,0x00007f4f67ce6000)]

VM state:not at safepoint (not fully initialized)

VM Mutex/Monitor currently owned by a thread: None

GC Heap History (0 events):
No events

Deoptimization events (0 events):
No events

Classes redefined (0 events):
No events

Internal exceptions (0 events):
No events

Events (0 events):
No events


Dynamic libraries:
eab00000-100000000 rw-p 00000000 00:00 0 
5605d35e9000-5605d35ea000 r-xp 00000000 08:07 1179988                    /usr/lib/jvm/java-8-openjdk-amd64/jre/bin/java
5605d37e9000-5605d37ea000 r--p 00000000 08:07 1179988                    /usr/lib/jvm/java-8-openjdk-amd64/jre/bin/java
5605d37ea000-5605d37eb000 rw-p 00001000 08:07 1179988                    /usr/lib/jvm/java-8-openjdk-amd64/jre/bin/java
5605d5380000-5605d53a1000 rw-p 00000000 00:00 0                          [heap]
7f4f58000000-7f4f58270000 rwxp 00000000 00:00 0 
7f4f58270000-7f4f60000000 ---p 00000000 00:00 0 
7f4f60000000-7f4f60032000 rw-p 00000000 00:00 0 
7f4f60032000-7f4f64000000 ---p 00000000 00:00 0 
7f4f64144000-7f4f64299000 ---p 00000000 00:00 0 
7f4f64299000-7f4f6434f000 rw-p 00000000 00:00 0 
7f4f6434f000-7f4f64545000 ---p 00000000 00:00 0 
7f4f64545000-7f4f6454d000 r-xp 00000000 08:07 1180032                    /usr/lib/jvm/java-8-openjdk-amd64/jre/lib/amd64/libzip.so
7f4f6454d000-7f4f6474c000 ---p 00008000 08:07 1180032                    /usr/lib/jvm/java-8-openjdk-amd64/jre/lib/amd64/libzip.so
7f4f6474c000-7f4f6474d000 r--p 00007000 08:07 1180032                    /usr/lib/jvm/java-8-openjdk-amd64/jre/lib/amd64/libzip.so
7f4f6474d000-7f4f6474e000 rw-p 00008000 08:07 1180032                    /usr/lib/jvm/java-8-openjdk-amd64/jre/lib/amd64/libzip.so
7f4f6474e000-7f4f64759000 r-xp 00000000 08:07 1054447                    /lib/x86_64-linux-gnu/libnss_files-2.27.so
7f4f64759000-7f4f64958000 ---p 0000b000 08:07 1054447                    /lib/x86_64-linux-gnu/libnss_files-2.27.so
7f4f64958000-7f4f64959000 r--p 0000a000 08:07 1054447                    /lib/x86_64-linux-gnu/libnss_files-2.27.so
7f4f64959000-7f4f6495a000 rw-p 0000b000 08:07 1054447                    /lib/x86_64-linux-gnu/libnss_files-2.27.so
7f4f6495a000-7f4f64960000 rw-p 00000000 00:00 0 
7f4f64960000-7f4f64977000 r-xp 00000000 08:07 1054441                    /lib/x86_64-linux-gnu/libnsl-2.27.so
7f4f64977000-7f4f64b76000 ---p 00017000 08:07 1054441                    /lib/x86_64-linux-gnu/libnsl-2.27.so
7f4f64b76000-7f4f64b77000 r--p 00016000 08:07 1054441                    /lib/x86_64-linux-gnu/libnsl-2.27.so
7f4f64b77000-7f4f64b78000 rw-p 00017000 08:07 1054441                    /lib/x86_64-linux-gnu/libnsl-2.27.so
7f4f64b78000-7f4f64b7a000 rw-p 00000000 00:00 0 
7f4f64b7a000-7f4f64b85000 r-xp 00000000 08:07 1054458                    /lib/x86_64-linux-gnu/libnss_nis-2.27.so
7f4f64b85000-7f4f64d84000 ---p 0000b000 08:07 1054458                    /lib/x86_64-linux-gnu/libnss_nis-2.27.so
7f4f64d84000-7f4f64d85000 r--p 0000a000 08:07 1054458                    /lib/x86_64-linux-gnu/libnss_nis-2.27.so
7f4f64d85000-7f4f64d86000 rw-p 0000b000 08:07 1054458                    /lib/x86_64-linux-gnu/libnss_nis-2.27.so
7f4f64d86000-7f4f64d8e000 r-xp 00000000 08:07 1054443                    /lib/x86_64-linux-gnu/libnss_compat-2.27.so
7f4f64d8e000-7f4f64f8e000 ---p 00008000 08:07 1054443                    /lib/x86_64-linux-gnu/libnss_compat-2.27.so
7f4f64f8e000-7f4f64f8f000 r--p 00008000 08:07 1054443                    /lib/x86_64-linux-gnu/libnss_compat-2.27.so
7f4f64f8f000-7f4f64f90000 rw-p 00009000 08:07 1054443                    /lib/x86_64-linux-gnu/libnss_compat-2.27.so
7f4f64f90000-7f4f64fbe000 r-xp 00000000 08:07 1180013                    /usr/lib/jvm/java-8-openjdk-amd64/jre/lib/amd64/libjava.so
7f4f64fbe000-7f4f651bd000 ---p 0002e000 08:07 1180013                    /usr/lib/jvm/java-8-openjdk-amd64/jre/lib/amd64/libjava.so
7f4f651bd000-7f4f651be000 r--p 0002d000 08:07 1180013                    /usr/lib/jvm/java-8-openjdk-amd64/jre/lib/amd64/libjava.so
7f4f651be000-7f4f651c0000 rw-p 0002e000 08:07 1180013                    /usr/lib/jvm/java-8-openjdk-amd64/jre/lib/amd64/libjava.so
7f4f651c0000-7f4f651d0000 r-xp 00000000 08:07 1180031                    /usr/lib/jvm/java-8-openjdk-amd64/jre/lib/amd64/libverify.so
7f4f651d0000-7f4f653cf000 ---p 00010000 08:07 1180031                    /usr/lib/jvm/java-8-openjdk-amd64/jre/lib/amd64/libverify.so
7f4f653cf000-7f4f653d1000 r--p 0000f000 08:07 1180031                    /usr/lib/jvm/java-8-openjdk-amd64/jre/lib/amd64/libverify.so
7f4f653d1000-7f4f653d2000 rw-p 00011000 08:07 1180031                    /usr/lib/jvm/java-8-openjdk-amd64/jre/lib/amd64/libverify.so
7f4f653d2000-7f4f653d9000 r-xp 00000000 08:07 1054498                    /lib/x86_64-linux-gnu/librt-2.27.so
7f4f653d9000-7f4f655d8000 ---p 00007000 08:07 1054498                    /lib/x86_64-linux-gnu/librt-2.27.so
7f4f655d8000-7f4f655d9000 r--p 00006000 08:07 1054498                    /lib/x86_64-linux-gnu/librt-2.27.so
7f4f655d9000-7f4f655da000 rw-p 00007000 08:07 1054498                    /lib/x86_64-linux-gnu/librt-2.27.so
7f4f655da000-7f4f655f1000 r-xp 00000000 08:07 1048666                    /lib/x86_64-linux-gnu/libgcc_s.so.1
7f4f655f1000-7f4f657f0000 ---p 00017000 08:07 1048666                    /lib/x86_64-linux-gnu/libgcc_s.so.1
7f4f657f0000-7f4f657f1000 r--p 00016000 08:07 1048666                    /lib/x86_64-linux-gnu/libgcc_s.so.1
7f4f657f1000-7f4f657f2000 rw-p 00017000 08:07 1048666                    /lib/x86_64-linux-gnu/libgcc_s.so.1
7f4f657f2000-7f4f6598f000 r-xp 00000000 08:07 1054420                    /lib/x86_64-linux-gnu/libm-2.27.so
7f4f6598f000-7f4f65b8e000 ---p 0019d000 08:07 1054420                    /lib/x86_64-linux-gnu/libm-2.27.so
7f4f65b8e000-7f4f65b8f000 r--p 0019c000 08:07 1054420                    /lib/x86_64-linux-gnu/libm-2.27.so
7f4f65b8f000-7f4f65b90000 rw-p 0019d000 08:07 1054420                    /lib/x86_64-linux-gnu/libm-2.27.so
7f4f65b90000-7f4f65d09000 r-xp 00000000 08:07 1313286                    /usr/lib/x86_64-linux-gnu/libstdc++.so.6.0.25
7f4f65d09000-7f4f65f09000 ---p 00179000 08:07 1313286                    /usr/lib/x86_64-linux-gnu/libstdc++.so.6.0.25
7f4f65f09000-7f4f65f13000 r--p 00179000 08:07 1313286                    /usr/lib/x86_64-linux-gnu/libstdc++.so.6.0.25
7f4f65f13000-7f4f65f15000 rw-p 00183000 08:07 1313286                    /usr/lib/x86_64-linux-gnu/libstdc++.so.6.0.25
7f4f65f15000-7f4f65f19000 rw-p 00000000 00:00 0 
7f4f65f19000-7f4f66bb3000 r-xp 00000000 08:07 1180034                    /usr/lib/jvm/java-8-openjdk-amd64/jre/lib/amd64/server/libjvm.so
7f4f66bb3000-7f4f66db2000 ---p 00c9a000 08:07 1180034                    /usr/lib/jvm/java-8-openjdk-amd64/jre/lib/amd64/server/libjvm.so
7f4f66db2000-7f4f66e46000 r--p 00c99000 08:07 1180034                    /usr/lib/jvm/java-8-openjdk-amd64/jre/lib/amd64/server/libjvm.so
7f4f66e46000-7f4f66e6f000 rw-p 00d2d000 08:07 1180034                    /usr/lib/jvm/java-8-openjdk-amd64/jre/lib/amd64/server/libjvm.so
7f4f66e6f000-7f4f66e9f000 rw-p 00000000 00:00 0 
7f4f66e9f000-7f4f66eb9000 r-xp 00000000 08:07 1054490                    /lib/x86_64-linux-gnu/libpthread-2.27.so
7f4f66eb9000-7f4f670b8000 ---p 0001a000 08:07 1054490                    /lib/x86_64-linux-gnu/libpthread-2.27.so
7f4f670b8000-7f4f670b9000 r--p 00019000 08:07 1054490                    /lib/x86_64-linux-gnu/libpthread-2.27.so
7f4f670b9000-7f4f670ba000 rw-p 0001a000 08:07 1054490                    /lib/x86_64-linux-gnu/libpthread-2.27.so
7f4f670ba000-7f4f670be000 rw-p 00000000 00:00 0 
7f4f670be000-7f4f670c1000 r-xp 00000000 08:07 1054380                    /lib/x86_64-linux-gnu/libdl-2.27.so
7f4f670c1000-7f4f672c0000 ---p 00003000 08:07 1054380                    /lib/x86_64-linux-gnu/libdl-2.27.so
7f4f672c0000-7f4f672c1000 r--p 00002000 08:07 1054380                    /lib/x86_64-linux-gnu/libdl-2.27.so
7f4f672c1000-7f4f672c2000 rw-p 00003000 08:07 1054380                    /lib/x86_64-linux-gnu/libdl-2.27.so
7f4f672c2000-7f4f672de000 r-xp 00000000 08:07 1054529                    /lib/x86_64-linux-gnu/libz.so.1.2.11
7f4f672de000-7f4f674dd000 ---p 0001c000 08:07 1054529                    /lib/x86_64-linux-gnu/libz.so.1.2.11
7f4f674dd000-7f4f674de000 r--p 0001b000 08:07 1054529                    /lib/x86_64-linux-gnu/libz.so.1.2.11
7f4f674de000-7f4f674df000 rw-p 0001c000 08:07 1054529                    /lib/x86_64-linux-gnu/libz.so.1.2.11
7f4f674df000-7f4f676c6000 r-xp 00000000 08:07 1054357                    /lib/x86_64-linux-gnu/libc-2.27.so
7f4f676c6000-7f4f678c6000 ---p 001e7000 08:07 1054357                    /lib/x86_64-linux-gnu/libc-2.27.so
7f4f678c6000-7f4f678ca000 r--p 001e7000 08:07 1054357                    /lib/x86_64-linux-gnu/libc-2.27.so
7f4f678ca000-7f4f678cc000 rw-p 001eb000 08:07 1054357                    /lib/x86_64-linux-gnu/libc-2.27.so
7f4f678cc000-7f4f678d0000 rw-p 00000000 00:00 0 
7f4f678d0000-7f4f678de000 r-xp 00000000 08:07 1179999                    /usr/lib/jvm/java-8-openjdk-amd64/jre/lib/amd64/jli/libjli.so
7f4f678de000-7f4f67add000 ---p 0000e000 08:07 1179999                    /usr/lib/jvm/java-8-openjdk-amd64/jre/lib/amd64/jli/libjli.so
7f4f67add000-7f4f67ade000 r--p 0000d000 08:07 1179999                    /usr/lib/jvm/java-8-openjdk-amd64/jre/lib/amd64/jli/libjli.so
7f4f67ade000-7f4f67adf000 rw-p 0000e000 08:07 1179999                    /usr/lib/jvm/java-8-openjdk-amd64/jre/lib/amd64/jli/libjli.so
7f4f67adf000-7f4f67b06000 r-xp 00000000 08:07 1054329                    /lib/x86_64-linux-gnu/ld-2.27.so
7f4f67be5000-7f4f67be6000 ---p 00000000 00:00 0 
7f4f67be6000-7f4f67be9000 ---p 00000000 00:00 0 
7f4f67be9000-7f4f67ce8000 rw-p 00000000 00:00 0 
7f4f67cfa000-7f4f67d02000 rw-s 00000000 08:07 1183230                    /tmp/hsperfdata_evamgg/12897
7f4f67d02000-7f4f67d03000 rw-p 00000000 00:00 0 
7f4f67d03000-7f4f67d04000 r--p 00000000 00:00 0 
7f4f67d04000-7f4f67d06000 rw-p 00000000 00:00 0 
7f4f67d06000-7f4f67d07000 r--p 00027000 08:07 1054329                    /lib/x86_64-linux-gnu/ld-2.27.so
7f4f67d07000-7f4f67d08000 rw-p 00028000 08:07 1054329                    /lib/x86_64-linux-gnu/ld-2.27.so
7f4f67d08000-7f4f67d09000 rw-p 00000000 00:00 0 
7ffefc207000-7ffefc228000 rw-p 00000000 00:00 0                          [stack]
7ffefc3b9000-7ffefc3bc000 r--p 00000000 00:00 0                          [vvar]
7ffefc3bc000-7ffefc3be000 r-xp 00000000 00:00 0                          [vdso]
ffffffffff600000-ffffffffff601000 r-xp 00000000 00:00 0                  [vsyscall]

VM Arguments:
jvm_args: -Xms1024m -Xmx1024m -XX:ReservedCodeCacheSize=128m -XX:MaxMetaspaceSize=256m 
java_command: /usr/share/sbt/bin/sbt-launch.jar
java_class_path (initial): /usr/share/sbt/bin/sbt-launch.jar
Launcher Type: SUN_STANDARD

Environment Variables:
PATH=/usr/local/sbin:/usr/local/bin:/usr/sbin:/usr/bin:/sbin:/bin:/usr/games:/usr/local/games:/snap/bin
USERNAME=evamgg
SHELL=/bin/bash
DISPLAY=:0

Signal Handlers:
SIGSEGV: [libjvm.so+0xab2ea0], sa_mask[0]=11111111011111111101111111111110, sa_flags=SA_RESTART|SA_SIGINFO
SIGBUS: [libjvm.so+0xab2ea0], sa_mask[0]=11111111011111111101111111111110, sa_flags=SA_RESTART|SA_SIGINFO
SIGFPE: [libjvm.so+0x8e87b0], sa_mask[0]=11111111011111111101111111111110, sa_flags=SA_RESTART|SA_SIGINFO
SIGPIPE: [libjvm.so+0x8e87b0], sa_mask[0]=11111111011111111101111111111110, sa_flags=SA_RESTART|SA_SIGINFO
SIGXFSZ: [libjvm.so+0x8e87b0], sa_mask[0]=11111111011111111101111111111110, sa_flags=SA_RESTART|SA_SIGINFO
SIGILL: [libjvm.so+0x8e87b0], sa_mask[0]=11111111011111111101111111111110, sa_flags=SA_RESTART|SA_SIGINFO
SIGUSR1: SIG_DFL, sa_mask[0]=00000000000000000000000000000000, sa_flags=none
SIGUSR2: [libjvm.so+0x8e8660], sa_mask[0]=00000000000000000000000000000000, sa_flags=SA_RESTART|SA_SIGINFO
SIGHUP: SIG_DFL, sa_mask[0]=00000000000000000000000000000000, sa_flags=none
SIGINT: SIG_DFL, sa_mask[0]=00000000000000000000000000000000, sa_flags=none
SIGTERM: SIG_DFL, sa_mask[0]=00000000000000000000000000000000, sa_flags=none
SIGQUIT: SIG_DFL, sa_mask[0]=00000000000000000000000000000000, sa_flags=none


---------------  S Y S T E M  ---------------

OS:DISTRIB_ID=Ubuntu
DISTRIB_RELEASE=18.04
DISTRIB_CODENAME=bionic
DISTRIB_DESCRIPTION="Ubuntu 18.04.1 LTS"

uname:Linux 4.15.0-46-generic #49-Ubuntu SMP Wed Feb 6 09:33:07 UTC 2019 x86_64
libc:glibc 2.27 NPTL 2.27 
rlimit: STACK 8192k, CORE 0k, NPROC 14323, NOFILE 4096, AS infinity
load average:1.21 1.31 1.07

/proc/meminfo:
MemTotal:        3925876 kB
MemFree:          127072 kB
MemAvailable:     167276 kB
Buffers:           11592 kB
Cached:           451256 kB
SwapCached:        23220 kB
Active:          2883304 kB
Inactive:         630960 kB
Active(anon):    2761200 kB
Inactive(anon):   533176 kB
Active(file):     122104 kB
Inactive(file):    97784 kB
Unevictable:          16 kB
Mlocked:              16 kB
SwapTotal:       1244668 kB
SwapFree:         382716 kB
Dirty:              8640 kB
Writeback:             0 kB
AnonPages:       3030144 kB
Mapped:           325128 kB
Shmem:            242664 kB
Slab:             110604 kB
SReclaimable:      47844 kB
SUnreclaim:        62760 kB
KernelStack:       17380 kB
PageTables:        58288 kB
NFS_Unstable:          0 kB
Bounce:                0 kB
WritebackTmp:          0 kB
CommitLimit:     3207604 kB
Committed_AS:    9858996 kB
VmallocTotal:   34359738367 kB
VmallocUsed:           0 kB
VmallocChunk:          0 kB
HardwareCorrupted:     0 kB
AnonHugePages:         0 kB
ShmemHugePages:        0 kB
ShmemPmdMapped:        0 kB
CmaTotal:              0 kB
CmaFree:               0 kB
HugePages_Total:       0
HugePages_Free:        0
HugePages_Rsvd:        0
HugePages_Surp:        0
Hugepagesize:       2048 kB
DirectMap4k:      263704 kB
DirectMap2M:     3817472 kB
DirectMap1G:           0 kB

container (cgroup) information:
container_type: cgroupv1
cpu_cpuset_cpus: 0-7
cpu_memory_nodes: 0
active_processor_count: 8
cpu_quota: -1
cpu_period: 100000
cpu_shares: -1
memory_limit_in_bytes: -1
memory_and_swap_limit_in_bytes: -2
memory_soft_limit_in_bytes: -1
memory_usage_in_bytes: 3585687552
memory_max_usage_in_bytes: 3915776


CPU:total 8 (initial active 8) (4 cores per cpu, 2 threads per core) family 6 model 60 stepping 3, cmov, cx8, fxsr, mmx, sse, sse2, sse3, ssse3, sse4.1, sse4.2, popcnt, avx, avx2, aes, clmul, erms, lzcnt, ht, tsc, tscinvbit, bmi1, bmi2

/proc/cpuinfo:
processor	: 0
vendor_id	: GenuineIntel
cpu family	: 6
model		: 60
model name	: Intel(R) Core(TM) i7-4720HQ CPU @ 2.60GHz
stepping	: 3
microcode	: 0x25
cpu MHz		: 1544.595
cache size	: 6144 KB
physical id	: 0
siblings	: 8
core id		: 0
cpu cores	: 4
apicid		: 0
initial apicid	: 0
fpu		: yes
fpu_exception	: yes
cpuid level	: 13
wp		: yes
flags		: fpu vme de pse tsc msr pae mce cx8 apic sep mtrr pge mca cmov pat pse36 clflush dts acpi mmx fxsr sse sse2 ss ht tm pbe syscall nx pdpe1gb rdtscp lm constant_tsc arch_perfmon pebs bts rep_good nopl xtopology nonstop_tsc cpuid aperfmperf pni pclmulqdq dtes64 monitor ds_cpl vmx est tm2 ssse3 sdbg fma cx16 xtpr pdcm pcid sse4_1 sse4_2 x2apic movbe popcnt tsc_deadline_timer aes xsave avx f16c rdrand lahf_lm abm cpuid_fault epb invpcid_single pti ssbd ibrs ibpb stibp tpr_shadow vnmi flexpriority ept vpid fsgsbase tsc_adjust bmi1 avx2 smep bmi2 erms invpcid xsaveopt dtherm ida arat pln pts flush_l1d
bugs		: cpu_meltdown spectre_v1 spectre_v2 spec_store_bypass l1tf
bogomips	: 5188.41
clflush size	: 64
cache_alignment	: 64
address sizes	: 39 bits physical, 48 bits virtual
power management:

processor	: 1
vendor_id	: GenuineIntel
cpu family	: 6
model		: 60
model name	: Intel(R) Core(TM) i7-4720HQ CPU @ 2.60GHz
stepping	: 3
microcode	: 0x25
cpu MHz		: 1592.951
cache size	: 6144 KB
physical id	: 0
siblings	: 8
core id		: 1
cpu cores	: 4
apicid		: 2
initial apicid	: 2
fpu		: yes
fpu_exception	: yes
cpuid level	: 13
wp		: yes
flags		: fpu vme de pse tsc msr pae mce cx8 apic sep mtrr pge mca cmov pat pse36 clflush dts acpi mmx fxsr sse sse2 ss ht tm pbe syscall nx pdpe1gb rdtscp lm constant_tsc arch_perfmon pebs bts rep_good nopl xtopology nonstop_tsc cpuid aperfmperf pni pclmulqdq dtes64 monitor ds_cpl vmx est tm2 ssse3 sdbg fma cx16 xtpr pdcm pcid sse4_1 sse4_2 x2apic movbe popcnt tsc_deadline_timer aes xsave avx f16c rdrand lahf_lm abm cpuid_fault epb invpcid_single pti ssbd ibrs ibpb stibp tpr_shadow vnmi flexpriority ept vpid fsgsbase tsc_adjust bmi1 avx2 smep bmi2 erms invpcid xsaveopt dtherm ida arat pln pts flush_l1d
bugs		: cpu_meltdown spectre_v1 spectre_v2 spec_store_bypass l1tf
bogomips	: 5188.41
clflush size	: 64
cache_alignment	: 64
address sizes	: 39 bits physical, 48 bits virtual
power management:

processor	: 2
vendor_id	: GenuineIntel
cpu family	: 6
model		: 60
model name	: Intel(R) Core(TM) i7-4720HQ CPU @ 2.60GHz
stepping	: 3
microcode	: 0x25
cpu MHz		: 1665.478
cache size	: 6144 KB
physical id	: 0
siblings	: 8
core id		: 2
cpu cores	: 4
apicid		: 4
initial apicid	: 4
fpu		: yes
fpu_exception	: yes
cpuid level	: 13
wp		: yes
flags		: fpu vme de pse tsc msr pae mce cx8 apic sep mtrr pge mca cmov pat pse36 clflush dts acpi mmx fxsr sse sse2 ss ht tm pbe syscall nx pdpe1gb rdtscp lm constant_tsc arch_perfmon pebs bts rep_good nopl xtopology nonstop_tsc cpuid aperfmperf pni pclmulqdq dtes64 monitor ds_cpl vmx est tm2 ssse3 sdbg fma cx16 xtpr pdcm pcid sse4_1 sse4_2 x2apic movbe popcnt tsc_deadline_timer aes xsave avx f16c rdrand lahf_lm abm cpuid_fault epb invpcid_single pti ssbd ibrs ibpb stibp tpr_shadow vnmi flexpriority ept vpid fsgsbase tsc_adjust bmi1 avx2 smep bmi2 erms invpcid xsaveopt dtherm ida arat pln pts flush_l1d
bugs		: cpu_meltdown spectre_v1 spectre_v2 spec_store_bypass l1tf
bogomips	: 5188.41
clflush size	: 64
cache_alignment	: 64
address sizes	: 39 bits physical, 48 bits virtual
power management:

processor	: 3
vendor_id	: GenuineIntel
cpu family	: 6
model		: 60
model name	: Intel(R) Core(TM) i7-4720HQ CPU @ 2.60GHz
stepping	: 3
microcode	: 0x25
cpu MHz		: 1722.583
cache size	: 6144 KB
physical id	: 0
siblings	: 8
core id		: 3
cpu cores	: 4
apicid		: 6
initial apicid	: 6
fpu		: yes
fpu_exception	: yes
cpuid level	: 13
wp		: yes
flags		: fpu vme de pse tsc msr pae mce cx8 apic sep mtrr pge mca cmov pat pse36 clflush dts acpi mmx fxsr sse sse2 ss ht tm pbe syscall nx pdpe1gb rdtscp lm constant_tsc arch_perfmon pebs bts rep_good nopl xtopology nonstop_tsc cpuid aperfmperf pni pclmulqdq dtes64 monitor ds_cpl vmx est tm2 ssse3 sdbg fma cx16 xtpr pdcm pcid sse4_1 sse4_2 x2apic movbe popcnt tsc_deadline_timer aes xsave avx f16c rdrand lahf_lm abm cpuid_fault epb invpcid_single pti ssbd ibrs ibpb stibp tpr_shadow vnmi flexpriority ept vpid fsgsbase tsc_adjust bmi1 avx2 smep bmi2 erms invpcid xsaveopt dtherm ida arat pln pts flush_l1d
bugs		: cpu_meltdown spectre_v1 spectre_v2 spec_store_bypass l1tf
bogomips	: 5188.41
clflush size	: 64
cache_alignment	: 64
address sizes	: 39 bits physical, 48 bits virtual
power management:

processor	: 4
vendor_id	: GenuineIntel
cpu family	: 6
model		: 60
model name	: Intel(R) Core(TM) i7-4720HQ CPU @ 2.60GHz
stepping	: 3
microcode	: 0x25
cpu MHz		: 1761.119
cache size	: 6144 KB
physical id	: 0
siblings	: 8
core id		: 0
cpu cores	: 4
apicid		: 1
initial apicid	: 1
fpu		: yes
fpu_exception	: yes
cpuid level	: 13
wp		: yes
flags		: fpu vme de pse tsc msr pae mce cx8 apic sep mtrr pge mca cmov pat pse36 clflush dts acpi mmx fxsr sse sse2 ss ht tm pbe syscall nx pdpe1gb rdtscp lm constant_tsc arch_perfmon pebs bts rep_good nopl xtopology nonstop_tsc cpuid aperfmperf pni pclmulqdq dtes64 monitor ds_cpl vmx est tm2 ssse3 sdbg fma cx16 xtpr pdcm pcid sse4_1 sse4_2 x2apic movbe popcnt tsc_deadline_timer aes xsave avx f16c rdrand lahf_lm abm cpuid_fault epb invpcid_single pti ssbd ibrs ibpb stibp tpr_shadow vnmi flexpriority ept vpid fsgsbase tsc_adjust bmi1 avx2 smep bmi2 erms invpcid xsaveopt dtherm ida arat pln pts flush_l1d
bugs		: cpu_meltdown spectre_v1 spectre_v2 spec_store_bypass l1tf
bogomips	: 5188.41
clflush size	: 64
cache_alignment	: 64
address sizes	: 39 bits physical, 48 bits virtual
power management:

processor	: 5
vendor_id	: GenuineIntel
cpu family	: 6
model		: 60
model name	: Intel(R) Core(TM) i7-4720HQ CPU @ 2.60GHz
stepping	: 3
microcode	: 0x25
cpu MHz		: 1589.959
cache size	: 6144 KB
physical id	: 0
siblings	: 8
core id		: 1
cpu cores	: 4
apicid		: 3
initial apicid	: 3
fpu		: yes
fpu_exception	: yes
cpuid level	: 13
wp		: yes
flags		: fpu vme de pse tsc msr pae mce cx8 apic sep mtrr pge mca cmov pat pse36 clflush dts acpi mmx fxsr sse sse2 ss ht tm pbe syscall nx pdpe1gb rdtscp lm constant_tsc arch_perfmon pebs bts rep_good nopl xtopology nonstop_tsc cpuid aperfmperf pni pclmulqdq dtes64 monitor ds_cpl vmx est tm2 ssse3 sdbg fma cx16 xtpr pdcm pcid sse4_1 sse4_2 x2apic movbe popcnt tsc_deadline_timer aes xsave avx f16c rdrand lahf_lm abm cpuid_fault epb invpcid_single pti ssbd ibrs ibpb stibp tpr_shadow vnmi flexpriority ept vpid fsgsbase tsc_adjust bmi1 avx2 smep bmi2 erms invpcid xsaveopt dtherm ida arat pln pts flush_l1d
bugs		: cpu_meltdown spectre_v1 spectre_v2 spec_store_bypass l1tf
bogomips	: 5188.41
clflush size	: 64
cache_alignment	: 64
address sizes	: 39 bits physical, 48 bits virtual
power management:

processor	: 6
vendor_id	: GenuineIntel
cpu family	: 6
model		: 60
model name	: Intel(R) Core(TM) i7-4720HQ CPU @ 2.60GHz
stepping	: 3
microcode	: 0x25
cpu MHz		: 1714.742
cache size	: 6144 KB
physical id	: 0
siblings	: 8
core id		: 2
cpu cores	: 4
apicid		: 5
initial apicid	: 5
fpu		: yes
fpu_exception	: yes
cpuid level	: 13
wp		: yes
flags		: fpu vme de pse tsc msr pae mce cx8 apic sep mtrr pge mca cmov pat pse36 clflush dts acpi mmx fxsr sse sse2 ss ht tm pbe syscall nx pdpe1gb rdtscp lm constant_tsc arch_perfmon pebs bts rep_good nopl xtopology nonstop_tsc cpuid aperfmperf pni pclmulqdq dtes64 monitor ds_cpl vmx est tm2 ssse3 sdbg fma cx16 xtpr pdcm pcid sse4_1 sse4_2 x2apic movbe popcnt tsc_deadline_timer aes xsave avx f16c rdrand lahf_lm abm cpuid_fault epb invpcid_single pti ssbd ibrs ibpb stibp tpr_shadow vnmi flexpriority ept vpid fsgsbase tsc_adjust bmi1 avx2 smep bmi2 erms invpcid xsaveopt dtherm ida arat pln pts flush_l1d
bugs		: cpu_meltdown spectre_v1 spectre_v2 spec_store_bypass l1tf
bogomips	: 5188.41
clflush size	: 64
cache_alignment	: 64
address sizes	: 39 bits physical, 48 bits virtual
power management:

processor	: 7
vendor_id	: GenuineIntel
cpu family	: 6
model		: 60
model name	: Intel(R) Core(TM) i7-4720HQ CPU @ 2.60GHz
stepping	: 3
microcode	: 0x25
cpu MHz		: 1770.574
cache size	: 6144 KB
physical id	: 0
siblings	: 8
core id		: 3
cpu cores	: 4
apicid		: 7
initial apicid	: 7
fpu		: yes
fpu_exception	: yes
cpuid level	: 13
wp		: yes
flags		: fpu vme de pse tsc msr pae mce cx8 apic sep mtrr pge mca cmov pat pse36 clflush dts acpi mmx fxsr sse sse2 ss ht tm pbe syscall nx pdpe1gb rdtscp lm constant_tsc arch_perfmon pebs bts rep_good nopl xtopology nonstop_tsc cpuid aperfmperf pni pclmulqdq dtes64 monitor ds_cpl vmx est tm2 ssse3 sdbg fma cx16 xtpr pdcm pcid sse4_1 sse4_2 x2apic movbe popcnt tsc_deadline_timer aes xsave avx f16c rdrand lahf_lm abm cpuid_fault epb invpcid_single pti ssbd ibrs ibpb stibp tpr_shadow vnmi flexpriority ept vpid fsgsbase tsc_adjust bmi1 avx2 smep bmi2 erms invpcid xsaveopt dtherm ida arat pln pts flush_l1d
bugs		: cpu_meltdown spectre_v1 spectre_v2 spec_store_bypass l1tf
bogomips	: 5188.41
clflush size	: 64
cache_alignment	: 64
address sizes	: 39 bits physical, 48 bits virtual
power management:



Memory: 4k page, physical 3925876k(125728k free), swap 1244668k(382716k free)

vm_info: OpenJDK 64-Bit Server VM (25.191-b12) for linux-amd64 JRE (1.8.0_191-8u191-b12-2ubuntu0.18.04.1-b12), built on Jan 14 2019 21:02:00 by "buildd" with gcc 7.3.0

time: Thu Mar  7 12:45:41 2019
elapsed time: 0 seconds (0d 0h 0m 0s)

